2025-08-05 18:41:38,083 - main - INFO - Running backtest for RELIANCE...
2025-08-05 18:41:38,084 - root - ERROR - Exception in dhanhq>>intraday_minute_data: interval value must be ['1','5','15','25','60']
2025-08-05 18:41:38,085 - main - INFO - Running backtest for TCS...
2025-08-05 18:41:38,085 - root - ERROR - Exception in dhanhq>>intraday_minute_data: interval value must be ['1','5','15','25','60']
2025-08-05 18:41:38,086 - main - INFO - Running backtest for INFY...
2025-08-05 18:41:38,086 - root - ERROR - Exception in dhanhq>>intraday_minute_data: interval value must be ['1','5','15','25','60']
2025-08-05 18:41:38,091 - main - INFO - Running backtest for HDFC...
2025-08-05 18:41:38,091 - root - ERROR - Exception in dhanhq>>intraday_minute_data: interval value must be ['1','5','15','25','60']
2025-08-05 18:41:38,091 - main - INFO - Running backtest for ITC...
2025-08-05 18:41:38,092 - root - ERROR - Exception in dhanhq>>intraday_minute_data: interval value must be ['1','5','15','25','60']
2025-08-05 18:41:38,092 - main - INFO - Running backtest for ICICIBANK...
2025-08-05 18:41:38,092 - root - ERROR - Exception in dhanhq>>intraday_minute_data: interval value must be ['1','5','15','25','60']
2025-08-05 18:41:38,092 - main - INFO - Running backtest for BHARTIARTL...
2025-08-05 18:41:38,092 - root - ERROR - Exception in dhanhq>>intraday_minute_data: interval value must be ['1','5','15','25','60']
2025-08-05 18:41:38,093 - main - INFO - Running backtest for SBIN...
2025-08-05 18:41:38,093 - root - ERROR - Exception in dhanhq>>intraday_minute_data: interval value must be ['1','5','15','25','60']
2025-08-05 18:41:38,093 - main - INFO - Running backtest for LT...
2025-08-05 18:41:38,093 - root - ERROR - Exception in dhanhq>>intraday_minute_data: interval value must be ['1','5','15','25','60']
2025-08-05 18:41:38,093 - main - INFO - Running backtest for HCLTECH...
2025-08-05 18:41:38,094 - root - ERROR - Exception in dhanhq>>intraday_minute_data: interval value must be ['1','5','15','25','60']
2025-08-05 18:46:41,216 - main - INFO - Running backtest for RELIANCE...
2025-08-05 18:46:41,216 - root - ERROR - Exception in dhanhq>>intraday_minute_data: interval value must be ['1','5','15','25','60']
2025-08-05 18:46:41,216 - main - INFO - Running backtest for TCS...
2025-08-05 18:46:41,216 - root - ERROR - Exception in dhanhq>>intraday_minute_data: interval value must be ['1','5','15','25','60']
2025-08-05 18:46:41,216 - main - INFO - Running backtest for INFY...
2025-08-05 18:46:41,216 - root - ERROR - Exception in dhanhq>>intraday_minute_data: interval value must be ['1','5','15','25','60']
2025-08-05 18:46:41,216 - main - INFO - Running backtest for HDFC...
2025-08-05 18:46:41,216 - root - ERROR - Exception in dhanhq>>intraday_minute_data: interval value must be ['1','5','15','25','60']
2025-08-05 18:46:41,216 - main - INFO - Running backtest for ITC...
2025-08-05 18:46:41,216 - root - ERROR - Exception in dhanhq>>intraday_minute_data: interval value must be ['1','5','15','25','60']
2025-08-05 18:46:41,216 - main - INFO - Running backtest for ICICIBANK...
2025-08-05 18:46:41,216 - root - ERROR - Exception in dhanhq>>intraday_minute_data: interval value must be ['1','5','15','25','60']
2025-08-05 18:46:41,216 - main - INFO - Running backtest for BHARTIARTL...
2025-08-05 18:46:41,216 - root - ERROR - Exception in dhanhq>>intraday_minute_data: interval value must be ['1','5','15','25','60']
2025-08-05 18:46:41,216 - main - INFO - Running backtest for SBIN...
2025-08-05 18:46:41,232 - root - ERROR - Exception in dhanhq>>intraday_minute_data: interval value must be ['1','5','15','25','60']
2025-08-05 18:46:41,232 - main - INFO - Running backtest for LT...
2025-08-05 18:46:41,232 - root - ERROR - Exception in dhanhq>>intraday_minute_data: interval value must be ['1','5','15','25','60']
2025-08-05 18:46:41,232 - main - INFO - Running backtest for HCLTECH...
2025-08-05 18:46:41,232 - root - ERROR - Exception in dhanhq>>intraday_minute_data: interval value must be ['1','5','15','25','60']
2025-08-05 18:47:04,607 - main - INFO - Running backtest for RELIANCE...
2025-08-05 18:47:04,608 - root - ERROR - Exception in dhanhq>>intraday_minute_data: interval value must be ['1','5','15','25','60']
2025-08-05 18:51:09,242 - __main__ - INFO - Running backtest for TCS...
2025-08-05 18:51:09,245 - root - ERROR - Exception in dhanhq>>intraday_minute_data: interval value must be ['1','5','15','25','60']
2025-08-05 18:56:26,952 - __main__ - INFO - Running backtest for HDFC...
2025-08-05 18:56:26,955 - root - ERROR - Exception in dhanhq>>intraday_minute_data: interval value must be ['1','5','15','25','60']
2025-08-05 19:07:46,256 - __main__ - INFO - Running backtest for ITC...
2025-08-05 19:07:46,258 - root - ERROR - Exception in dhanhq>>intraday_minute_data: interval value must be ['1','5','15','25','60']
2025-08-05 19:09:50,314 - __main__ - INFO - Running backtest for ITC...
2025-08-05 19:09:50,316 - root - ERROR - Exception in dhanhq>>intraday_minute_data: interval value must be ['1','5','15','25','60']
2025-08-05 19:10:00,059 - __main__ - INFO - Running backtest for ITC...
2025-08-05 19:10:00,060 - root - ERROR - Exception in dhanhq>>intraday_minute_data: interval value must be ['1','5','15','25','60']
2025-08-05 19:11:29,786 - __main__ - INFO - Running backtest for ITC...
2025-08-05 19:11:29,786 - root - ERROR - Exception in dhanhq>>intraday_minute_data: interval value must be ['1','5','15','25','60']
2025-08-05 19:13:51,104 - __main__ - INFO - Running backtest for INFY...
2025-08-05 19:13:51,105 - root - ERROR - Exception in dhanhq>>intraday_minute_data: interval value must be ['1','5','15','25','60']
2025-08-05 19:15:25,626 - __main__ - INFO - Running backtest for INFY...
2025-08-05 19:15:25,626 - root - ERROR - Exception in dhanhq>>intraday_minute_data: interval value must be ['1','5','15','25','60']
2025-08-05 19:21:25,712 - __main__ - INFO - Running backtest for TCS...
2025-08-05 19:21:25,713 - root - ERROR - Exception in dhanhq>>intraday_minute_data: interval value must be ['1','5','15','25','60']
2025-08-05 19:23:28,647 - __main__ - INFO - Running backtest for TCS...
2025-08-05 19:23:28,649 - root - ERROR - Exception in dhanhq>>intraday_minute_data: interval value must be ['1','5','15','25','60']
2025-08-05 21:45:11,277 - __main__ - INFO - Running backtest for TCS...
2025-08-05 21:45:11,279 - root - ERROR - Exception in dhanhq>>intraday_minute_data: interval value must be ['1','5','15','25','60']
2025-08-05 21:48:06,418 - __main__ - INFO - Running backtest for RELIANCE...
2025-08-05 21:52:48,550 - __main__ - INFO - Running backtest for RELIANCE...
2025-08-05 21:52:48,553 - __main__ - INFO - Running backtest for TCS...
2025-08-05 21:52:48,553 - __main__ - INFO - Running backtest for INFY...
2025-08-05 21:52:48,555 - __main__ - INFO - Running backtest for HDFC...
2025-08-05 21:52:48,555 - __main__ - INFO - Running backtest for ITC...
2025-08-05 21:52:48,557 - __main__ - INFO - Running backtest for ICICIBANK...
2025-08-05 21:52:48,561 - __main__ - INFO - Running backtest for BHARTIARTL...
2025-08-05 21:52:48,561 - __main__ - INFO - Running backtest for SBIN...
2025-08-05 21:52:48,561 - __main__ - INFO - Running backtest for LT...
2025-08-05 21:52:48,561 - __main__ - INFO - Running backtest for HCLTECH...
2025-08-05 21:54:53,659 - __main__ - INFO - Running backtest for RELIANCE...
2025-08-05 21:56:05,968 - __main__ - INFO - Running backtest for TCS...
2025-08-05 22:13:29,084 - __main__ - INFO - Running backtest for RELIANCE...
2025-08-05 22:13:29,084 - root - ERROR - Exception in dhanhq>>intraday_minute_data: interval value must be ['1','5','15','25','60']
2025-08-05 22:13:32,496 - __main__ - INFO - Running backtest for RELIANCE...
2025-08-05 22:13:32,496 - root - ERROR - Exception in dhanhq>>intraday_minute_data: interval value must be ['1','5','15','25','60']
2025-08-05 22:16:02,472 - __main__ - INFO - Running backtest for RELIANCE...
2025-08-05 22:16:02,472 - root - ERROR - Exception in dhanhq>>intraday_minute_data: interval value must be ['1','5','15','25','60']
2025-08-05 22:16:02,476 - __main__ - INFO - Running backtest for TCS...
2025-08-05 22:16:02,476 - root - ERROR - Exception in dhanhq>>intraday_minute_data: interval value must be ['1','5','15','25','60']
2025-08-05 22:16:02,478 - __main__ - INFO - Running backtest for INFY...
2025-08-05 22:16:02,478 - root - ERROR - Exception in dhanhq>>intraday_minute_data: interval value must be ['1','5','15','25','60']
2025-08-05 22:16:02,478 - __main__ - INFO - Running backtest for HDFC...
2025-08-05 22:16:02,478 - root - ERROR - Exception in dhanhq>>intraday_minute_data: interval value must be ['1','5','15','25','60']
2025-08-05 22:16:02,478 - __main__ - INFO - Running backtest for ITC...
2025-08-05 22:16:02,478 - root - ERROR - Exception in dhanhq>>intraday_minute_data: interval value must be ['1','5','15','25','60']
2025-08-05 22:16:02,485 - __main__ - INFO - Running backtest for ICICIBANK...
2025-08-05 22:16:02,485 - root - ERROR - Exception in dhanhq>>intraday_minute_data: interval value must be ['1','5','15','25','60']
2025-08-05 22:16:02,487 - __main__ - INFO - Running backtest for BHARTIARTL...
2025-08-05 22:16:02,488 - root - ERROR - Exception in dhanhq>>intraday_minute_data: interval value must be ['1','5','15','25','60']
2025-08-05 22:16:02,488 - __main__ - INFO - Running backtest for SBIN...
2025-08-05 22:16:02,488 - root - ERROR - Exception in dhanhq>>intraday_minute_data: interval value must be ['1','5','15','25','60']
2025-08-05 22:16:02,488 - __main__ - INFO - Running backtest for LT...
2025-08-05 22:16:02,488 - root - ERROR - Exception in dhanhq>>intraday_minute_data: interval value must be ['1','5','15','25','60']
2025-08-05 22:16:02,488 - __main__ - INFO - Running backtest for HCLTECH...
2025-08-05 22:16:02,488 - root - ERROR - Exception in dhanhq>>intraday_minute_data: interval value must be ['1','5','15','25','60']
2025-08-06 12:15:33,075 - __main__ - INFO - Running backtest for TCS...
2025-08-06 12:15:33,077 - root - ERROR - Exception in dhanhq>>intraday_minute_data: interval value must be ['1','5','15','25','60']
